0 info it worked if it ends with ok
1 verbose cli [ '/usr/bin/node', '/usr/bin/npm', 'run', 'generate-sw' ]
2 info using npm@3.10.10
3 info using node@v6.17.1
4 verbose run-script [ 'pregenerate-sw', 'generate-sw', 'postgenerate-sw' ]
5 info lifecycle @~pregenerate-sw: @
6 silly lifecycle @~pregenerate-sw: no script for pregenerate-sw, continuing
7 info lifecycle @~generate-sw: @
8 verbose lifecycle @~generate-sw: unsafe-perm in lifecycle true
9 verbose lifecycle @~generate-sw: PATH: /usr/lib/node_modules/npm/bin/node-gyp-bin:/home/418717.cloudwaysapps.com/vkdumumhvg/public_html/node_modules/.bin:/usr/local/bin:/usr/bin:/bin:/usr/games
10 verbose lifecycle @~generate-sw: CWD: /home/418717.cloudwaysapps.com/vkdumumhvg/public_html
11 silly lifecycle @~generate-sw: Args: [ '-c', 'workbox injectManifest workbox-config.js' ]
12 silly lifecycle @~generate-sw: Returned: code: 1  signal: null
13 info lifecycle @~generate-sw: Failed to exec generate-sw script
14 verbose stack Error: @ generate-sw: `workbox injectManifest workbox-config.js`
14 verbose stack Exit status 1
14 verbose stack     at EventEmitter.<anonymous> (/usr/lib/node_modules/npm/lib/utils/lifecycle.js:255:16)
14 verbose stack     at emitTwo (events.js:106:13)
14 verbose stack     at EventEmitter.emit (events.js:191:7)
14 verbose stack     at ChildProcess.<anonymous> (/usr/lib/node_modules/npm/lib/utils/spawn.js:40:14)
14 verbose stack     at emitTwo (events.js:106:13)
14 verbose stack     at ChildProcess.emit (events.js:191:7)
14 verbose stack     at maybeClose (internal/child_process.js:920:16)
14 verbose stack     at Process.ChildProcess._handle.onexit (internal/child_process.js:230:5)
15 verbose pkgid @
16 verbose cwd /home/418717.cloudwaysapps.com/vkdumumhvg/public_html
17 error Linux 4.9.0-12-amd64
18 error argv "/usr/bin/node" "/usr/bin/npm" "run" "generate-sw"
19 error node v6.17.1
20 error npm  v3.10.10
21 error code ELIFECYCLE
22 error @ generate-sw: `workbox injectManifest workbox-config.js`
22 error Exit status 1
23 error Failed at the @ generate-sw script 'workbox injectManifest workbox-config.js'.
23 error Make sure you have the latest version of node.js and npm installed.
23 error If you do, this is most likely a problem with the  package,
23 error not with npm itself.
23 error Tell the author that this fails on your system:
23 error     workbox injectManifest workbox-config.js
23 error You can get information on how to open an issue for this project with:
23 error     npm bugs
23 error Or if that isn't available, you can get their info via:
23 error     npm owner ls
23 error There is likely additional logging output above.
24 verbose exit [ 1, true ]
